::1 - - [07/Nov/2025:21:49:10 +0000] "GET /encuestas/2 HTTP/1.1" 200 137 "-" "PostmanRuntime/7.50.0"
::1 - - [07/Nov/2025:22:04:22 +0000] "POST /login/ HTTP/1.1" 200 494 "-" "PostmanRuntime/7.50.0"
::1 - - [07/Nov/2025:22:05:46 +0000] "GET /encuestas/ HTTP/1.1" 403 38 "-" "PostmanRuntime/7.50.0"
::1 - - [07/Nov/2025:22:05:55 +0000] "POST /login/ HTTP/1.1" 200 494 "-" "PostmanRuntime/7.50.0"
::1 - - [07/Nov/2025:22:06:13 +0000] "GET /encuestas/ HTTP/1.1" 403 38 "-" "PostmanRuntime/7.50.0"
::1 - - [07/Nov/2025:22:16:15 +0000] "POST /login/ HTTP/1.1" 200 494 "-" "PostmanRuntime/7.50.0"
::1 - - [07/Nov/2025:22:18:04 +0000] "GET /comentarios/ HTTP/1.1" 200 196 "-" "PostmanRuntime/7.50.0"
::1 - - [07/Nov/2025:22:20:06 +0000] "GET /comentarios/1 HTTP/1.1" 200 208 "-" "PostmanRuntime/7.50.0"
::1 - - [07/Nov/2025:22:20:12 +0000] "GET /comentarios/10 HTTP/1.1" 404 67 "-" "PostmanRuntime/7.50.0"
::1 - - [07/Nov/2025:22:27:02 +0000] "POST /comentarios/ HTTP/1.1" 500 118 "-" "PostmanRuntime/7.50.0"
::1 - - [07/Nov/2025:22:29:48 +0000] "POST /comentarios/ HTTP/1.1" 500 118 "-" "PostmanRuntime/7.50.0"
::1 - - [07/Nov/2025:22:32:30 +0000] "POST /comentarios/ HTTP/1.1" 201 53 "-" "PostmanRuntime/7.50.0"
::1 - - [07/Nov/2025:22:34:39 +0000] "DELETE /comentarios/3 HTTP/1.1" 400 115 "-" "PostmanRuntime/7.50.0"
::1 - - [07/Nov/2025:22:36:33 +0000] "DELETE /comentarios/3 HTTP/1.1" 404 62 "-" "PostmanRuntime/7.50.0"
::1 - - [07/Nov/2025:22:36:42 +0000] "DELETE /comentarios/2 HTTP/1.1" 200 70 "-" "PostmanRuntime/7.50.0"
::1 - - [07/Nov/2025:23:51:18 +0000] "DELETE /comentarios/2 HTTP/1.1" 500 1201 "-" "PostmanRuntime/7.50.0"
::1 - - [07/Nov/2025:23:51:24 +0000] "DELETE /comentarios/2 HTTP/1.1" 500 1201 "-" "PostmanRuntime/7.50.0"
::1 - - [07/Nov/2025:23:57:32 +0000] "DELETE /comentarios/2 HTTP/1.1" 403 46 "-" "PostmanRuntime/7.50.0"
::1 - - [08/Nov/2025:02:23:05 +0000] "POST /login/ HTTP/1.1" 200 492 "-" "PostmanRuntime/7.50.0"
::1 - - [08/Nov/2025:03:22:02 +0000] "POST /login/ HTTP/1.1" 500 170 "-" "PostmanRuntime/7.50.0"
::1 - - [08/Nov/2025:03:23:02 +0000] "POST /login/ HTTP/1.1" 200 492 "-" "PostmanRuntime/7.50.0"
::1 - - [08/Nov/2025:03:24:14 +0000] "POST /reservas/ HTTP/1.1" 500 120 "-" "PostmanRuntime/7.50.0"
::1 - - [08/Nov/2025:03:26:00 +0000] "POST /reservas/ HTTP/1.1" 500 120 "-" "PostmanRuntime/7.50.0"
::1 - - [08/Nov/2025:03:27:34 +0000] "POST /reservas/ HTTP/1.1" 500 120 "-" "PostmanRuntime/7.50.0"
::1 - - [08/Nov/2025:03:32:13 +0000] "POST /reservas/ HTTP/1.1" 500 120 "-" "PostmanRuntime/7.50.0"
